<?xml version="1.0" encoding="UTF-8"?>
<!-- Generated by org.testng.reporters.JUnitReportReporter -->
<testsuite hostname="LAPTOP-5KOKBHLS" failures="0" tests="1" name="com.qa.tests.UpdateContactInfoSuite" time="19.455" errors="0" timestamp="25 Apr 2024 10:53:42 GMT" skipped="0">
  <testcase classname="com.qa.tests.UpdateContactInfoSuite" name="validateWhetherTheUserAbleToUpdateContactInfo" time="19.455"/>
</testsuite> <!-- com.qa.tests.UpdateContactInfoSuite -->
