<?xml version="1.0" encoding="UTF-8"?>
<!-- Generated by org.testng.reporters.JUnitReportReporter -->
<testsuite hostname="DESKTOP-VAQKFJ2" failures="0" tests="1" name="com.qa.tests.TC_001_ToVerifyUserAbleToLoginIntoApplicationWithValidCredentials" time="9.898" errors="0" timestamp="22 Apr 2024 10:27:58 GMT" skipped="0">
  <testcase classname="com.qa.tests.TC_001_ToVerifyUserAbleToLoginIntoApplicationWithValidCredentials" name="validateWhetherTheUserAbleToLoginWithVaildCredentials" time="9.898"/>
</testsuite> <!-- com.qa.tests.TC_001_ToVerifyUserAbleToLoginIntoApplicationWithValidCredentials -->
