<?xml version="1.0" encoding="UTF-8"?>
<!-- Generated by org.testng.reporters.JUnitReportReporter -->
<testsuite hostname="LAPTOP-5KOKBHLS" failures="0" tests="1" name="com.qa.tests.BillPaymentSuite" time="22.684" errors="0" timestamp="25 Apr 2024 09:44:29 GMT" skipped="0">
  <testcase classname="com.qa.tests.BillPaymentSuite" name="validateWhetherTheUserAbleBillPayment" time="22.684"/>
</testsuite> <!-- com.qa.tests.BillPaymentSuite -->
