<?xml version="1.0" encoding="UTF-8"?>
<!-- Generated by org.testng.reporters.JUnitReportReporter -->
<testsuite hostname="DESKTOP-VAQKFJ2" failures="0" tests="1" name="com.qa.tests.TC_LF_001" time="14.127" errors="0" timestamp="22 Apr 2024 11:06:16 GMT" skipped="0">
  <testcase classname="com.qa.tests.TC_LF_001" name="validateWhetherTheUserAbleToLoginWithVaildCredentials" time="14.127"/>
</testsuite> <!-- com.qa.tests.TC_LF_001 -->
