<?xml version="1.0" encoding="UTF-8"?>
<!-- Generated by org.testng.reporters.JUnitReportReporter -->
<testsuite hostname="DESKTOP-VAQKFJ2" failures="0" tests="1" name="com.qa.tests.AccountOverviewSuite" time="12.137" errors="0" timestamp="25 Apr 2024 09:37:33 GMT" skipped="0">
  <testcase classname="com.qa.tests.AccountOverviewSuite" name="TC_AOF_002_VerifyUserLandOnAccountDetailsPageAfterClickOnAccountNumberFromAccountOverviewPage" time="12.137"/>
</testsuite> <!-- com.qa.tests.AccountOverviewSuite -->
