<?xml version="1.0" encoding="UTF-8"?>
<!-- Generated by org.testng.reporters.JUnitReportReporter -->
<testsuite hostname="DESKTOP-VAQKFJ2" failures="0" tests="1" name="com.qa.tests.BillPaymentSuite" time="7.508" errors="0" timestamp="26 Apr 2024 11:59:59 GMT" skipped="0">
  <testcase classname="com.qa.tests.BillPaymentSuite" name="TC_BP_001_validateWhetherTheUserAbleBillPayment" time="7.508"/>
</testsuite> <!-- com.qa.tests.BillPaymentSuite -->
