<?xml version="1.0" encoding="UTF-8"?>
<!-- Generated by org.testng.reporters.JUnitReportReporter -->
<testsuite hostname="DESKTOP-VAQKFJ2" failures="0" tests="4" name="com.qa.tests.OpenNewAccountSuite" time="40.259" errors="0" timestamp="01 May 2024 16:50:49 GMT" skipped="0">
  <testcase classname="com.qa.tests.OpenNewAccountSuite" name="TC_ONA_001_VerifyWhetherCheckingOptionPresentInAccountTypeDropdown" time="7.814"/>
  <testcase classname="com.qa.tests.OpenNewAccountSuite" name="TC_ONA_002_VerifyWhetherSavingOptionPresentInAccountTypeDropdown" time="8.722"/>
  <testcase classname="com.qa.tests.OpenNewAccountSuite" name="TC_ONA_003_VerifyWhetherTheUserAbleToCreateNewAccountWithCheckingAccountType" time="11.563"/>
  <testcase classname="com.qa.tests.OpenNewAccountSuite" name="TC_ONA_004_VerifyWhetherTheUserAbleToCreateNewAccountWithSavingAccountType" time="12.160"/>
</testsuite> <!-- com.qa.tests.OpenNewAccountSuite -->
