<?xml version="1.0" encoding="UTF-8"?>
<!-- Generated by org.testng.reporters.JUnitReportReporter -->
<testsuite hostname="DESKTOP-VAQKFJ2" failures="0" tests="1" name="com.qa.tests.LoginSuite" time="7.752" errors="0" timestamp="26 Apr 2024 11:59:59 GMT" skipped="0">
  <testcase classname="com.qa.tests.LoginSuite" name="TC_LF_001_VerifyUserLoginIntoApplicationWithValidCredentials" time="7.752"/>
</testsuite> <!-- com.qa.tests.LoginSuite -->
