<?xml version="1.0" encoding="UTF-8"?>
<!-- Generated by org.testng.reporters.JUnitReportReporter -->
<testsuite hostname="DESKTOP-VAQKFJ2" failures="0" tests="4" name="com.qa.tests.OpenNewAccountSuite" time="39.670" errors="0" timestamp="26 Apr 2024 11:59:59 GMT" skipped="0">
  <testcase classname="com.qa.tests.OpenNewAccountSuite" name="TC_ONA_001_VerifyWhetherCheckingOptionPresentInAccountTypeDropdown" time="9.041"/>
  <testcase classname="com.qa.tests.OpenNewAccountSuite" name="TC_ONA_002_VerifyWhetherSavingOptionPresentInAccountTypeDropdown" time="9.830"/>
  <testcase classname="com.qa.tests.OpenNewAccountSuite" name="TC_ONA_003_VerifyWhetherTheUserAbleToCreateNewAccountWithCheckingAccountType" time="10.849"/>
  <testcase classname="com.qa.tests.OpenNewAccountSuite" name="TC_ONA_004_VerifyWhetherTheUserAbleToCreateNewAccountWithSavingAccountType" time="9.950"/>
</testsuite> <!-- com.qa.tests.OpenNewAccountSuite -->
