<?xml version="1.0" encoding="UTF-8"?>
<!-- Generated by org.testng.reporters.JUnitReportReporter -->
<testsuite hostname="DESKTOP-VAQKFJ2" failures="0" tests="1" name="com.qa.testComponents.BaseClass" time="10.033" errors="0" timestamp="02 May 2024 14:07:38 GMT" skipped="0">
  <testcase classname="com.qa.testComponents.BaseClass" name="openGoogle" time="10.033"/>
</testsuite> <!-- com.qa.testComponents.BaseClass -->
