<?xml version="1.0" encoding="UTF-8"?>
<!-- Generated by org.testng.reporters.JUnitReportReporter -->
<testsuite hostname="DESKTOP-VAQKFJ2" failures="0" tests="1" name="com.qa.tests.BillPaymentSuite" time="9.866" errors="0" timestamp="01 May 2024 16:50:49 GMT" skipped="0">
  <testcase classname="com.qa.tests.BillPaymentSuite" name="TC_BP_001_validateWhetherTheUserAbleBillPayment" time="9.866"/>
</testsuite> <!-- com.qa.tests.BillPaymentSuite -->
