<?xml version="1.0" encoding="UTF-8"?>
<!-- Generated by org.testng.reporters.JUnitReportReporter -->
<testsuite hostname="DESKTOP-VAQKFJ2" failures="0" tests="2" name="com.qa.tests.AccountOverviewSuite" time="21.831" errors="0" timestamp="01 May 2024 16:50:49 GMT" skipped="0">
  <testcase classname="com.qa.tests.AccountOverviewSuite" name="TC_AOF_001_VerifyWhetherAccountOverviewPageDisplayedOrNot" time="8.805"/>
  <testcase classname="com.qa.tests.AccountOverviewSuite" name="TC_AOF_002_VerifyUserLandOnAccountDetailsPageAfterClickOnAccountNumberFromAccountOverviewPage" time="13.026"/>
</testsuite> <!-- com.qa.tests.AccountOverviewSuite -->
