<?xml version="1.0" encoding="UTF-8"?>
<!-- Generated by org.testng.reporters.JUnitReportReporter -->
<testsuite hostname="DESKTOP-VAQKFJ2" failures="0" tests="3" name="com.qa.testComponents.Remote" time="18.237" errors="0" timestamp="03 May 2024 10:25:08 GMT" skipped="0">
  <testcase classname="com.qa.testComponents.Remote" name="openChrome" time="6.189"/>
  <testcase classname="com.qa.testComponents.Remote" name="openFirefox" time="8.009"/>
  <testcase classname="com.qa.testComponents.Remote" name="openEdge" time="4.039"/>
</testsuite> <!-- com.qa.testComponents.Remote -->
