<?xml version="1.0" encoding="UTF-8"?>
<!-- Generated by org.testng.reporters.JUnitReportReporter -->
<testsuite hostname="DESKTOP-VAQKFJ2" failures="0" tests="2" name="com.qa.tests.TransferFundsSuite" time="16.749" errors="0" timestamp="26 Apr 2024 11:59:59 GMT" skipped="0">
  <testcase classname="com.qa.tests.TransferFundsSuite" name="TC_TF_001_VerifyWhetherUserIsLandOnTransferFundPage" time="5.636"/>
  <testcase classname="com.qa.tests.TransferFundsSuite" name="TC_TF_002_VerifyWhetherTheUserAbleToTransferFund" time="11.113"/>
</testsuite> <!-- com.qa.tests.TransferFundsSuite -->
