<?xml version="1.0" encoding="UTF-8"?>
<!-- Generated by org.testng.reporters.JUnitReportReporter -->
<testsuite hostname="DESKTOP-VAQKFJ2" failures="0" tests="1" name="com.qa.tests.TC_LoginPage" time="18.378" errors="0" timestamp="19 Apr 2024 15:24:09 GMT" skipped="0">
  <testcase classname="com.qa.tests.TC_LoginPage" name="validateWhetherTheUserAbleToLoginWithVaildCredentials" time="18.378"/>
</testsuite> <!-- com.qa.tests.TC_LoginPage -->
