<?xml version="1.0" encoding="UTF-8"?>
<!-- Generated by org.testng.reporters.JUnitReportReporter -->
<testsuite hostname="DESKTOP-VAQKFJ2" failures="0" tests="2" name="com.qa.tests.TransferFundsSuite" time="14.157" errors="0" timestamp="25 Apr 2024 09:29:28 GMT" skipped="0">
  <testcase classname="com.qa.tests.TransferFundsSuite" name="TC_TF_001_VerifyWhetherUserIsLandOnTransferFundPage" time="4.517"/>
  <testcase classname="com.qa.tests.TransferFundsSuite" name="TC_TF_002_VerifyWhetherTheUserAbleToTransferFund" time="9.640"/>
</testsuite> <!-- com.qa.tests.TransferFundsSuite -->
