<?xml version="1.0" encoding="UTF-8"?>
<!-- Generated by org.testng.reporters.JUnitReportReporter -->
<testsuite hostname="DESKTOP-VAQKFJ2" failures="0" tests="2" name="com.qa.tests.AccountOverviewSuite" time="19.945" errors="0" timestamp="26 Apr 2024 11:59:59 GMT" skipped="0">
  <testcase classname="com.qa.tests.AccountOverviewSuite" name="TC_AOF_001_VerifyWhetherAccountOverviewPageDisplayedOrNot" time="8.125"/>
  <testcase classname="com.qa.tests.AccountOverviewSuite" name="TC_AOF_002_VerifyUserLandOnAccountDetailsPageAfterClickOnAccountNumberFromAccountOverviewPage" time="11.820"/>
</testsuite> <!-- com.qa.tests.AccountOverviewSuite -->
