<?xml version="1.0" encoding="UTF-8"?>
<!-- Generated by org.testng.reporters.JUnitReportReporter -->
<testsuite hostname="DESKTOP-VAQKFJ2" failures="0" tests="2" name="com.qa.tests.TransferFundsSuite" time="18.562" errors="0" timestamp="01 May 2024 16:50:49 GMT" skipped="0">
  <testcase classname="com.qa.tests.TransferFundsSuite" name="TC_TF_001_VerifyWhetherUserIsLandOnTransferFundPage" time="7.820"/>
  <testcase classname="com.qa.tests.TransferFundsSuite" name="TC_TF_002_VerifyWhetherTheUserAbleToTransferFund" time="10.742"/>
</testsuite> <!-- com.qa.tests.TransferFundsSuite -->
