<?xml version="1.0" encoding="UTF-8"?>
<!-- Generated by org.testng.reporters.JUnitReportReporter -->
<testsuite hostname="DESKTOP-VAQKFJ2" failures="0" tests="4" name="com.qa.tests.OpenNewAccountSuite" time="32.003" errors="0" timestamp="25 Apr 2024 09:29:28 GMT" skipped="0">
  <testcase classname="com.qa.tests.OpenNewAccountSuite" name="TC_ONA_001_VerifyWhetherCheckingOptionPresentInAccountTypeDropdown" time="7.042"/>
  <testcase classname="com.qa.tests.OpenNewAccountSuite" name="TC_ONA_002_VerifyWhetherSavingOptionPresentInAccountTypeDropdown" time="7.730"/>
  <testcase classname="com.qa.tests.OpenNewAccountSuite" name="TC_ONA_003_VerifyWhetherTheUserAbleToCreateNewAccountWithCheckingAccountType" time="8.180"/>
  <testcase classname="com.qa.tests.OpenNewAccountSuite" name="TC_ONA_004_VerifyWhetherTheUserAbleToCreateNewAccountWithSavingAccountType" time="9.051"/>
</testsuite> <!-- com.qa.tests.OpenNewAccountSuite -->
