<?xml version="1.0" encoding="UTF-8"?>
<!-- Generated by org.testng.reporters.JUnitReportReporter -->
<testsuite hostname="DESKTOP-VAQKFJ2" failures="0" tests="1" name="com.qa.tests.LoginSuite" time="18.255" errors="0" timestamp="25 Apr 2024 10:17:14 GMT" skipped="0">
  <testcase classname="com.qa.tests.LoginSuite" name="TC_LF_001_VerifyUserLoginIntoApplicationWithValidCredentials" time="18.255"/>
</testsuite> <!-- com.qa.tests.LoginSuite -->
