<?xml version="1.0" encoding="UTF-8"?>
<!-- Generated by org.testng.reporters.JUnitReportReporter -->
<testsuite hostname="DESKTOP-VAQKFJ2" failures="0" tests="2" name="com.qa.tests.AccountOverviewSuite" time="31.941" errors="0" timestamp="25 Apr 2024 10:17:14 GMT" skipped="0">
  <testcase classname="com.qa.tests.AccountOverviewSuite" name="TC_AOF_001_VerifyWhetherAccountOverviewPageDisplayedOrNot" time="11.242"/>
  <testcase classname="com.qa.tests.AccountOverviewSuite" name="TC_AOF_002_VerifyUserLandOnAccountDetailsPageAfterClickOnAccountNumberFromAccountOverviewPage" time="20.699"/>
</testsuite> <!-- com.qa.tests.AccountOverviewSuite -->
