<?xml version="1.0" encoding="UTF-8"?>
<!-- Generated by org.testng.reporters.JUnitReportReporter -->
<testsuite hostname="DESKTOP-VAQKFJ2" failures="0" tests="2" name="com.qa.tests.LoginSuite" time="19.018" errors="0" timestamp="02 May 2024 08:13:05 GMT" skipped="0">
  <testcase classname="com.qa.tests.LoginSuite" name="TC_LF_001_VerifyUserLoginIntoApplicationWithValidCredentials" time="10.075"/>
  <testcase classname="com.qa.tests.LoginSuite" name="TC_LF_002_VerifyUserLoginIntoApplicationWithInvalidCredentials" time="8.943"/>
</testsuite> <!-- com.qa.tests.LoginSuite -->
