<?xml version="1.0" encoding="UTF-8"?>
<!-- Generated by org.testng.reporters.JUnitReportReporter -->
<testsuite hostname="DESKTOP-VAQKFJ2" failures="0" tests="4" name="com.qa.tests.OpenNewAccountSuite" time="51.829" errors="0" timestamp="25 Apr 2024 10:17:14 GMT" skipped="0">
  <testcase classname="com.qa.tests.OpenNewAccountSuite" name="TC_ONA_001_VerifyWhetherCheckingOptionPresentInAccountTypeDropdown" time="14.783"/>
  <testcase classname="com.qa.tests.OpenNewAccountSuite" name="TC_ONA_002_VerifyWhetherSavingOptionPresentInAccountTypeDropdown" time="14.647"/>
  <testcase classname="com.qa.tests.OpenNewAccountSuite" name="TC_ONA_003_VerifyWhetherTheUserAbleToCreateNewAccountWithCheckingAccountType" time="10.912"/>
  <testcase classname="com.qa.tests.OpenNewAccountSuite" name="TC_ONA_004_VerifyWhetherTheUserAbleToCreateNewAccountWithSavingAccountType" time="11.487"/>
</testsuite> <!-- com.qa.tests.OpenNewAccountSuite -->
