<?xml version="1.0" encoding="UTF-8"?>
<!-- Generated by org.testng.reporters.JUnitReportReporter -->
<testsuite hostname="DESKTOP-VAQKFJ2" failures="0" tests="4" name="com.qa.tests.OpenNewAccountSuite" time="41.648" errors="0" timestamp="02 May 2024 08:13:05 GMT" skipped="0">
  <testcase classname="com.qa.tests.OpenNewAccountSuite" name="TC_ONA_001_VerifyWhetherCheckingOptionPresentInAccountTypeDropdown" time="8.293"/>
  <testcase classname="com.qa.tests.OpenNewAccountSuite" name="TC_ONA_002_VerifyWhetherSavingOptionPresentInAccountTypeDropdown" time="10.047"/>
  <testcase classname="com.qa.tests.OpenNewAccountSuite" name="TC_ONA_003_VerifyWhetherTheUserAbleToCreateNewAccountWithCheckingAccountType" time="11.439"/>
  <testcase classname="com.qa.tests.OpenNewAccountSuite" name="TC_ONA_004_VerifyWhetherTheUserAbleToCreateNewAccountWithSavingAccountType" time="11.869"/>
</testsuite> <!-- com.qa.tests.OpenNewAccountSuite -->
