<?xml version="1.0" encoding="UTF-8"?>
<!-- Generated by org.testng.reporters.JUnitReportReporter -->
<testsuite hostname="DESKTOP-VAQKFJ2" failures="0" tests="1" name="com.qa.tests.TC_002_ToVerifyApplicationGivesProperAlertMessageWithInvalidLiginCredentials" time="7.160" errors="0" timestamp="19 Apr 2024 17:29:41 GMT" skipped="0">
  <testcase classname="com.qa.tests.TC_002_ToVerifyApplicationGivesProperAlertMessageWithInvalidLiginCredentials" name="validateWhetherTheUserAbleToLoginWithVaildCredentials" time="7.160"/>
</testsuite> <!-- com.qa.tests.TC_002_ToVerifyApplicationGivesProperAlertMessageWithInvalidLiginCredentials -->
