<?xml version="1.0" encoding="UTF-8"?>
<!-- Generated by org.testng.reporters.JUnitReportReporter -->
<testsuite hostname="DESKTOP-VAQKFJ2" failures="0" tests="1" name="com.qa.tests.UserSignUpSuite" time="17.350" errors="0" timestamp="02 May 2024 08:13:05 GMT" skipped="0">
  <testcase classname="com.qa.tests.UserSignUpSuite" name="TC_RF_001_VerifyWhetherTheUserABleToRegisterInParaBankApplicationWithValidTestData" time="17.350"/>
</testsuite> <!-- com.qa.tests.UserSignUpSuite -->
