<?xml version="1.0" encoding="UTF-8"?>
<!-- Generated by org.testng.reporters.JUnitReportReporter -->
<testsuite hostname="DESKTOP-VAQKFJ2" failures="0" tests="2" name="com.qa.tests.AccountOverviewSuite" time="20.622" errors="0" timestamp="02 May 2024 08:13:05 GMT" skipped="0">
  <testcase classname="com.qa.tests.AccountOverviewSuite" name="TC_AOF_001_VerifyWhetherAccountOverviewPageDisplayedOrNot" time="8.892"/>
  <testcase classname="com.qa.tests.AccountOverviewSuite" name="TC_AOF_002_VerifyUserLandOnAccountDetailsPageAfterClickOnAccountNumberFromAccountOverviewPage" time="11.730"/>
</testsuite> <!-- com.qa.tests.AccountOverviewSuite -->
